<?xml version="1.0" encoding="UTF-8"?>
<!-- Generated by org.testng.reporters.JUnitXMLReporter -->
<testsuite hostname="DESKTOP-NG1S63P" name="Default test" tests="7" failures="0" timestamp="20 Aug 2020 20:08:57 GMT" time="11.882" errors="0">
  <testcase name="launchUrl" time="4.825" classname="demoQaAuto.HomePageTest"/>
  <testcase name="verify_Elements_Link" time="0.407" classname="demoQaAuto.HomePageTest"/>
  <testcase name="verify_Alerts_Link" time="0.225" classname="demoQaAuto.HomePageTest"/>
  <testcase name="verify_Book_Link" time="0.192" classname="demoQaAuto.HomePageTest"/>
  <testcase name="verify_Forms_Link" time="0.185" classname="demoQaAuto.HomePageTest"/>
  <testcase name="verify_Interactions_Link" time="0.112" classname="demoQaAuto.HomePageTest"/>
  <testcase name="verify_Widgets_Link" time="0.121" classname="demoQaAuto.HomePageTest"/>
</testsuite> <!-- Default test -->
