<?xml version="1.0" encoding="UTF-8"?>
<!-- Generated by org.testng.reporters.JUnitXMLReporter -->
<testsuite hostname="DESKTOP-NG1S63P" name="Test" tests="11" failures="0" timestamp="21 Aug 2020 09:18:33 GMT" time="24.732" errors="0">
  <testcase name="verify_Element_Page_Link" time="0.466" classname="demoQaAuto.ElementPageTest"/>
  <testcase name="verify_Forms_Page_Link" time="0.654" classname="demoQaAuto.FormsPageTest"/>
  <testcase name="verify_TextBox" time="1.386" classname="demoQaAuto.ElementPageTest"/>
  <testcase name="verify_TextBox" time="2.246" classname="demoQaAuto.FormsPageTest"/>
  <testcase name="launchUrl" time="3.18" classname="demoQaAuto.HomePageTest"/>
  <testcase name="verify_Elements_Link" time="0.129" classname="demoQaAuto.HomePageTest"/>
  <testcase name="verify_Alerts_Link" time="0.118" classname="demoQaAuto.HomePageTest"/>
  <testcase name="verify_Book_Link" time="0.128" classname="demoQaAuto.HomePageTest"/>
  <testcase name="verify_Forms_Link" time="0.194" classname="demoQaAuto.HomePageTest"/>
  <testcase name="verify_Interactions_Link" time="0.201" classname="demoQaAuto.HomePageTest"/>
  <testcase name="verify_Widgets_Link" time="0.21" classname="demoQaAuto.HomePageTest"/>
</testsuite> <!-- Test -->
