<?xml version="1.0" encoding="UTF-8"?>
<!-- Generated by org.testng.reporters.JUnitXMLReporter -->
<testsuite hostname="DESKTOP-NG1S63P" name="Test" tests="9" failures="0" timestamp="21 Aug 2020 02:59:06 GMT" time="18.622" errors="0">
  <testcase name="verify_Element_Page_Link" time="0.363" classname="demoQaAuto.ElementPageTest"/>
  <testcase name="verify_TextBox" time="0.98" classname="demoQaAuto.ElementPageTest"/>
  <testcase name="launchUrl" time="4.344" classname="demoQaAuto.HomePageTest"/>
  <testcase name="verify_Elements_Link" time="0.141" classname="demoQaAuto.HomePageTest"/>
  <testcase name="verify_Alerts_Link" time="0.144" classname="demoQaAuto.HomePageTest"/>
  <testcase name="verify_Book_Link" time="0.142" classname="demoQaAuto.HomePageTest"/>
  <testcase name="verify_Forms_Link" time="0.141" classname="demoQaAuto.HomePageTest"/>
  <testcase name="verify_Interactions_Link" time="0.125" classname="demoQaAuto.HomePageTest"/>
  <testcase name="verify_Widgets_Link" time="0.134" classname="demoQaAuto.HomePageTest"/>
</testsuite> <!-- Test -->
