<?xml version="1.0" encoding="UTF-8"?>
<!-- Generated by org.testng.reporters.JUnitXMLReporter -->
<testsuite hostname="DESKTOP-NG1S63P" name="Test" tests="11" failures="0" timestamp="21 Aug 2020 09:35:01 GMT" time="25.181" errors="0">
  <testcase name="verify_Element_Page_Link" time="0.936" classname="demoQaAuto.ElementPageTest"/>
  <testcase name="verify_Forms_Page_Link" time="1.017" classname="demoQaAuto.FormsPageTest"/>
  <testcase name="verify_TextBox" time="1.797" classname="demoQaAuto.ElementPageTest"/>
  <testcase name="launchUrl" time="4.393" classname="demoQaAuto.HomePageTest"/>
  <testcase name="verify_TextBox" time="3.434" classname="demoQaAuto.FormsPageTest"/>
  <testcase name="verify_Elements_Link" time="0.248" classname="demoQaAuto.HomePageTest"/>
  <testcase name="verify_Alerts_Link" time="0.175" classname="demoQaAuto.HomePageTest"/>
  <testcase name="verify_Book_Link" time="0.191" classname="demoQaAuto.HomePageTest"/>
  <testcase name="verify_Forms_Link" time="0.143" classname="demoQaAuto.HomePageTest"/>
  <testcase name="verify_Interactions_Link" time="0.134" classname="demoQaAuto.HomePageTest"/>
  <testcase name="verify_Widgets_Link" time="0.126" classname="demoQaAuto.HomePageTest"/>
</testsuite> <!-- Test -->
