<?xml version="1.0" encoding="UTF-8"?>
<testsuite xmlns:xsi="http://www.w3.org/2001/XMLSchema-instance" xsi:noNamespaceSchemaLocation="https://maven.apache.org/surefire/maven-surefire-plugin/xsd/surefire-test-report-3.0.xsd" version="3.0" name="TestSuite" time="27.768" tests="11" errors="0" skipped="0" failures="0">
  <properties>
[...]
</properties>
  <testcase name="verify_Element_Page_Link" classname="demoQaAuto.ElementPageTest" time="0.941"/>
  <testcase name="verify_TextBox" classname="demoQaAuto.ElementPageTest" time="1.719"/>
  <testcase name="verify_Forms_Page_Link" classname="demoQaAuto.FormsPageTest" time="0.072"/>
  <testcase name="verify_TextBox" classname="demoQaAuto.FormsPageTest" time="0.06"/>
  <testcase name="launchUrl" classname="demoQaAuto.HomePageTest" time="3.374"/>
  <testcase name="verify_Elements_Link" classname="demoQaAuto.HomePageTest" time="0.25"/>
  <testcase name="verify_Alerts_Link" classname="demoQaAuto.HomePageTest" time="0.174"/>
  <testcase name="verify_Book_Link" classname="demoQaAuto.HomePageTest" time="0.191"/>
  <testcase name="verify_Forms_Link" classname="demoQaAuto.HomePageTest" time="0.143"/>
  <testcase name="verify_Interactions_Link" classname="demoQaAuto.HomePageTest" time="0.133"/>
  <testcase name="verify_Widgets_Link" classname="demoQaAuto.HomePageTest" time="0.126"/>
</testsuite>