<?xml version="1.0" encoding="UTF-8"?>
<testng-results skipped="0" failed="0" total="2" passed="2">
  <reporter-output>
  </reporter-output>
  <suite name="Default suite" duration-ms="10881" started-at="2020-08-21T09:15:51Z" finished-at="2020-08-21T09:16:02Z">
    <groups>
    </groups>
    <test name="Default test" duration-ms="10881" started-at="2020-08-21T09:15:51Z" finished-at="2020-08-21T09:16:02Z">
      <class name="demoQaAuto.FormsPageTest">
        <test-method status="PASS" signature="launchBrowser()[pri:0, instance:demoQaAuto.FormsPageTest@3bb9a3ff]" name="launchBrowser" is-config="true" duration-ms="8028" started-at="2020-08-21T14:45:51Z" finished-at="2020-08-21T14:45:59Z">
          <reporter-output>
          </reporter-output>
        </test-method> <!-- launchBrowser -->
        <test-method status="PASS" signature="verify_Forms_Page_Link()[pri:0, instance:demoQaAuto.FormsPageTest@3bb9a3ff]" name="verify_Forms_Page_Link" duration-ms="302" started-at="2020-08-21T14:45:59Z" finished-at="2020-08-21T14:45:59Z">
          <reporter-output>
          </reporter-output>
        </test-method> <!-- verify_Forms_Page_Link -->
        <test-method status="PASS" signature="verify_TextBox()[pri:0, instance:demoQaAuto.FormsPageTest@3bb9a3ff]" name="verify_TextBox" duration-ms="1662" started-at="2020-08-21T14:45:59Z" finished-at="2020-08-21T14:46:01Z">
          <reporter-output>
          </reporter-output>
        </test-method> <!-- verify_TextBox -->
        <test-method status="PASS" signature="closeBrowser()[pri:0, instance:demoQaAuto.FormsPageTest@3bb9a3ff]" name="closeBrowser" is-config="true" duration-ms="861" started-at="2020-08-21T14:46:01Z" finished-at="2020-08-21T14:46:02Z">
          <reporter-output>
          </reporter-output>
        </test-method> <!-- closeBrowser -->
      </class> <!-- demoQaAuto.FormsPageTest -->
    </test> <!-- Default test -->
  </suite> <!-- Default suite -->
</testng-results>
